I0626 20:58:54.651427       1 main.go:98] Using resources certificatesigningrequests,configmaps,cronjobs,daemonsets,deployments,endpoints,horizontalpodautoscalers,ingresses,jobs,limitranges,mutatingwebhookconfigurations,namespaces,networkpolicies,nodes,persistentvolumeclaims,persistentvolumes,poddisruptionbudgets,pods,replicasets,replicationcontrollers,resourcequotas,secrets,services,statefulsets,storageclasses,validatingwebhookconfigurations,verticalpodautoscalers,volumeattachments
I0626 20:58:54.651527       1 main.go:107] Using all namespace
I0626 20:58:54.651553       1 main.go:128] metric allow-denylisting: Excluding the following lists that were on denylist: 
W0626 20:58:54.651601       1 client_config.go:614] Neither --kubeconfig nor --master was specified.  Using the inClusterConfig.  This might not work.
I0626 20:58:54.653298       1 main.go:234] Testing communication with server
I0626 20:58:54.663479       1 main.go:239] Running with Kubernetes cluster version: v1.17. git version: v1.17.11. git tree state: clean. commit: ea5f00d93211b7c80247bf607cfa422ad6fb5347. platform: linux/amd64
I0626 20:58:54.663508       1 main.go:241] Communication with server successful
I0626 20:58:54.664051       1 main.go:197] Starting metrics server: 0.0.0.0:8080
I0626 20:58:54.664098       1 main.go:186] Starting kube-state-metrics self metrics server: 0.0.0.0:8081
I0626 20:58:54.664117       1 metrics_handler.go:96] Autosharding disabled
I0626 20:58:54.668951       1 builder.go:164] Active resources: certificatesigningrequests,configmaps,cronjobs,daemonsets,deployments,endpoints,horizontalpodautoscalers,ingresses,jobs,limitranges,mutatingwebhookconfigurations,namespaces,networkpolicies,nodes,persistentvolumeclaims,persistentvolumes,poddisruptionbudgets,pods,replicasets,replicationcontrollers,resourcequotas,secrets,services,statefulsets,storageclasses,validatingwebhookconfigurations,verticalpodautoscalers,volumeattachments
E0626 20:58:54.669787       1 reflector.go:138] pkg/mod/k8s.io/client-go@v0.20.5/tools/cache/reflector.go:167: Failed to watch *v1.CertificateSigningRequest: failed to list *v1.CertificateSigningRequest: the server could not find the requested resource
E0626 20:58:54.673123       1 reflector.go:138] pkg/mod/k8s.io/client-go@v0.20.5/tools/cache/reflector.go:167: Failed to watch *v1.Ingress: failed to list *v1.Ingress: the server could not find the requested resource
E0626 20:58:54.682316       1 reflector.go:138] pkg/mod/k8s.io/client-go@v0.20.5/tools/cache/reflector.go:167: Failed to watch *v1beta2.VerticalPodAutoscaler: failed to list *v1beta2.VerticalPodAutoscaler: the server could not find the requested resource (get verticalpodautoscalers.autoscaling.k8s.io)
E0626 20:58:55.552573       1 reflector.go:138] pkg/mod/k8s.io/client-go@v0.20.5/tools/cache/reflector.go:167: Failed to watch *v1.Ingress: failed to list *v1.Ingress: the server could not find the requested resource
E0626 20:58:55.647094       1 reflector.go:138] pkg/mod/k8s.io/client-go@v0.20.5/tools/cache/reflector.go:167: Failed to watch *v1beta2.VerticalPodAutoscaler: failed to list *v1beta2.VerticalPodAutoscaler: the server could not find the requested resource (get verticalpodautoscalers.autoscaling.k8s.io)
E0626 20:58:55.955497       1 reflector.go:138] pkg/mod/k8s.io/client-go@v0.20.5/tools/cache/reflector.go:167: Failed to watch *v1.CertificateSigningRequest: failed to list *v1.CertificateSigningRequest: the server could not find the requested resource
E0626 20:58:58.364047       1 reflector.go:138] pkg/mod/k8s.io/client-go@v0.20.5/tools/cache/reflector.go:167: Failed to watch *v1beta2.VerticalPodAutoscaler: failed to list *v1beta2.VerticalPodAutoscaler: the server could not find the requested resource (get verticalpodautoscalers.autoscaling.k8s.io)
E0626 20:58:58.395657       1 reflector.go:138] pkg/mod/k8s.io/client-go@v0.20.5/tools/cache/reflector.go:167: Failed to watch *v1.CertificateSigningRequest: failed to list *v1.CertificateSigningRequest: the server could not find the requested resource
E0626 20:58:58.539238       1 reflector.go:138] pkg/mod/k8s.io/client-go@v0.20.5/tools/cache/reflector.go:167: Failed to watch *v1.Ingress: failed to list *v1.Ingress: the server could not find the requested resource
E0626 20:59:01.656252       1 reflector.go:138] pkg/mod/k8s.io/client-go@v0.20.5/tools/cache/reflector.go:167: Failed to watch *v1beta2.VerticalPodAutoscaler: failed to list *v1beta2.VerticalPodAutoscaler: the server could not find the requested resource (get verticalpodautoscalers.autoscaling.k8s.io)
E0626 20:59:02.103994       1 reflector.go:138] pkg/mod/k8s.io/client-go@v0.20.5/tools/cache/reflector.go:167: Failed to watch *v1.CertificateSigningRequest: failed to list *v1.CertificateSigningRequest: the server could not find the requested resource
E0626 20:59:03.684918       1 reflector.go:138] pkg/mod/k8s.io/client-go@v0.20.5/tools/cache/reflector.go:167: Failed to watch *v1.Ingress: failed to list *v1.Ingress: the server could not find the requested resource
E0626 20:59:09.014838       1 reflector.go:138] pkg/mod/k8s.io/client-go@v0.20.5/tools/cache/reflector.go:167: Failed to watch *v1.CertificateSigningRequest: failed to list *v1.CertificateSigningRequest: the server could not find the requested resource
E0626 20:59:13.893319       1 reflector.go:138] pkg/mod/k8s.io/client-go@v0.20.5/tools/cache/reflector.go:167: Failed to watch *v1.Ingress: failed to list *v1.Ingress: the server could not find the requested resource
E0626 20:59:14.300250       1 reflector.go:138] pkg/mod/k8s.io/client-go@v0.20.5/tools/cache/reflector.go:167: Failed to watch *v1beta2.VerticalPodAutoscaler: failed to list *v1beta2.VerticalPodAutoscaler: the server could not find the requested resource (get verticalpodautoscalers.autoscaling.k8s.io)
E0626 20:59:22.573961       1 reflector.go:138] pkg/mod/k8s.io/client-go@v0.20.5/tools/cache/reflector.go:167: Failed to watch *v1.CertificateSigningRequest: failed to list *v1.CertificateSigningRequest: the server could not find the requested resource
E0626 20:59:30.962045       1 reflector.go:138] pkg/mod/k8s.io/client-go@v0.20.5/tools/cache/reflector.go:167: Failed to watch *v1beta2.VerticalPodAutoscaler: failed to list *v1beta2.VerticalPodAutoscaler: the server could not find the requested resource (get verticalpodautoscalers.autoscaling.k8s.io)
E0626 20:59:35.553914       1 reflector.go:138] pkg/mod/k8s.io/client-go@v0.20.5/tools/cache/reflector.go:167: Failed to watch *v1.Ingress: failed to list *v1.Ingress: the server could not find the requested resource
E0626 20:59:52.612161       1 reflector.go:138] pkg/mod/k8s.io/client-go@v0.20.5/tools/cache/reflector.go:167: Failed to watch *v1.CertificateSigningRequest: failed to list *v1.CertificateSigningRequest: the server could not find the requested resource
E0626 21:00:10.417015       1 reflector.go:138] pkg/mod/k8s.io/client-go@v0.20.5/tools/cache/reflector.go:167: Failed to watch *v1beta2.VerticalPodAutoscaler: failed to list *v1beta2.VerticalPodAutoscaler: the server could not find the requested resource (get verticalpodautoscalers.autoscaling.k8s.io)
E0626 21:00:15.086126       1 reflector.go:138] pkg/mod/k8s.io/client-go@v0.20.5/tools/cache/reflector.go:167: Failed to watch *v1.Ingress: failed to list *v1.Ingress: the server could not find the requested resource
E0626 21:00:30.970173       1 reflector.go:138] pkg/mod/k8s.io/client-go@v0.20.5/tools/cache/reflector.go:167: Failed to watch *v1.CertificateSigningRequest: failed to list *v1.CertificateSigningRequest: the server could not find the requested resource
E0626 21:00:53.113844       1 reflector.go:138] pkg/mod/k8s.io/client-go@v0.20.5/tools/cache/reflector.go:167: Failed to watch *v1beta2.VerticalPodAutoscaler: failed to list *v1beta2.VerticalPodAutoscaler: the server could not find the requested resource (get verticalpodautoscalers.autoscaling.k8s.io)
E0626 21:01:01.005954       1 reflector.go:138] pkg/mod/k8s.io/client-go@v0.20.5/tools/cache/reflector.go:167: Failed to watch *v1.Ingress: failed to list *v1.Ingress: the server could not find the requested resource
E0626 21:01:08.579617       1 reflector.go:138] pkg/mod/k8s.io/client-go@v0.20.5/tools/cache/reflector.go:167: Failed to watch *v1.CertificateSigningRequest: failed to list *v1.CertificateSigningRequest: the server could not find the requested resource
E0626 21:01:31.579001       1 reflector.go:138] pkg/mod/k8s.io/client-go@v0.20.5/tools/cache/reflector.go:167: Failed to watch *v1beta2.VerticalPodAutoscaler: failed to list *v1beta2.VerticalPodAutoscaler: the server could not find the requested resource (get verticalpodautoscalers.autoscaling.k8s.io)
E0626 21:01:49.436879       1 reflector.go:138] pkg/mod/k8s.io/client-go@v0.20.5/tools/cache/reflector.go:167: Failed to watch *v1.CertificateSigningRequest: failed to list *v1.CertificateSigningRequest: the server could not find the requested resource
E0626 21:01:54.666080       1 reflector.go:138] pkg/mod/k8s.io/client-go@v0.20.5/tools/cache/reflector.go:167: Failed to watch *v1.Ingress: failed to list *v1.Ingress: the server could not find the requested resource
E0626 21:02:27.998280       1 reflector.go:138] pkg/mod/k8s.io/client-go@v0.20.5/tools/cache/reflector.go:167: Failed to watch *v1beta2.VerticalPodAutoscaler: failed to list *v1beta2.VerticalPodAutoscaler: the server could not find the requested resource (get verticalpodautoscalers.autoscaling.k8s.io)
E0626 21:02:28.352134       1 reflector.go:138] pkg/mod/k8s.io/client-go@v0.20.5/tools/cache/reflector.go:167: Failed to watch *v1.CertificateSigningRequest: failed to list *v1.CertificateSigningRequest: the server could not find the requested resource
E0626 21:02:51.499897       1 reflector.go:138] pkg/mod/k8s.io/client-go@v0.20.5/tools/cache/reflector.go:167: Failed to watch *v1.Ingress: failed to list *v1.Ingress: the server could not find the requested resource
E0626 21:03:00.924000       1 reflector.go:138] pkg/mod/k8s.io/client-go@v0.20.5/tools/cache/reflector.go:167: Failed to watch *v1beta2.VerticalPodAutoscaler: failed to list *v1beta2.VerticalPodAutoscaler: the server could not find the requested resource (get verticalpodautoscalers.autoscaling.k8s.io)
E0626 21:03:23.731282       1 reflector.go:138] pkg/mod/k8s.io/client-go@v0.20.5/tools/cache/reflector.go:167: Failed to watch *v1.Ingress: failed to list *v1.Ingress: the server could not find the requested resource
E0626 21:03:27.662770       1 reflector.go:138] pkg/mod/k8s.io/client-go@v0.20.5/tools/cache/reflector.go:167: Failed to watch *v1.CertificateSigningRequest: failed to list *v1.CertificateSigningRequest: the server could not find the requested resource
E0626 21:03:37.595999       1 reflector.go:138] pkg/mod/k8s.io/client-go@v0.20.5/tools/cache/reflector.go:167: Failed to watch *v1beta2.VerticalPodAutoscaler: failed to list *v1beta2.VerticalPodAutoscaler: the server could not find the requested resource (get verticalpodautoscalers.autoscaling.k8s.io)
E0626 21:04:04.910627       1 reflector.go:138] pkg/mod/k8s.io/client-go@v0.20.5/tools/cache/reflector.go:167: Failed to watch *v1.CertificateSigningRequest: failed to list *v1.CertificateSigningRequest: the server could not find the requested resource
E0626 21:04:14.165666       1 reflector.go:138] pkg/mod/k8s.io/client-go@v0.20.5/tools/cache/reflector.go:167: Failed to watch *v1.Ingress: failed to list *v1.Ingress: the server could not find the requested resource
E0626 21:04:16.944187       1 reflector.go:138] pkg/mod/k8s.io/client-go@v0.20.5/tools/cache/reflector.go:167: Failed to watch *v1beta2.VerticalPodAutoscaler: failed to list *v1beta2.VerticalPodAutoscaler: the server could not find the requested resource (get verticalpodautoscalers.autoscaling.k8s.io)
E0626 21:05:02.898931       1 reflector.go:138] pkg/mod/k8s.io/client-go@v0.20.5/tools/cache/reflector.go:167: Failed to watch *v1.CertificateSigningRequest: failed to list *v1.CertificateSigningRequest: the server could not find the requested resource
E0626 21:05:08.199968       1 reflector.go:138] pkg/mod/k8s.io/client-go@v0.20.5/tools/cache/reflector.go:167: Failed to watch *v1.Ingress: failed to list *v1.Ingress: the server could not find the requested resource
E0626 21:05:08.853137       1 reflector.go:138] pkg/mod/k8s.io/client-go@v0.20.5/tools/cache/reflector.go:167: Failed to watch *v1beta2.VerticalPodAutoscaler: failed to list *v1beta2.VerticalPodAutoscaler: the server could not find the requested resource (get verticalpodautoscalers.autoscaling.k8s.io)
E0626 21:05:41.580285       1 reflector.go:138] pkg/mod/k8s.io/client-go@v0.20.5/tools/cache/reflector.go:167: Failed to watch *v1beta2.VerticalPodAutoscaler: failed to list *v1beta2.VerticalPodAutoscaler: the server could not find the requested resource (get verticalpodautoscalers.autoscaling.k8s.io)
E0626 21:06:02.268668       1 reflector.go:138] pkg/mod/k8s.io/client-go@v0.20.5/tools/cache/reflector.go:167: Failed to watch *v1.CertificateSigningRequest: failed to list *v1.CertificateSigningRequest: the server could not find the requested resource
E0626 21:06:05.868501       1 reflector.go:138] pkg/mod/k8s.io/client-go@v0.20.5/tools/cache/reflector.go:167: Failed to watch *v1.Ingress: failed to list *v1.Ingress: the server could not find the requested resource
E0626 21:06:28.496384       1 reflector.go:138] pkg/mod/k8s.io/client-go@v0.20.5/tools/cache/reflector.go:167: Failed to watch *v1beta2.VerticalPodAutoscaler: failed to list *v1beta2.VerticalPodAutoscaler: the server could not find the requested resource (get verticalpodautoscalers.autoscaling.k8s.io)
E0626 21:06:44.385925       1 reflector.go:138] pkg/mod/k8s.io/client-go@v0.20.5/tools/cache/reflector.go:167: Failed to watch *v1.CertificateSigningRequest: failed to list *v1.CertificateSigningRequest: the server could not find the requested resource
E0626 21:07:05.449742       1 reflector.go:138] pkg/mod/k8s.io/client-go@v0.20.5/tools/cache/reflector.go:167: Failed to watch *v1.Ingress: failed to list *v1.Ingress: the server could not find the requested resource
E0626 21:07:08.160814       1 reflector.go:138] pkg/mod/k8s.io/client-go@v0.20.5/tools/cache/reflector.go:167: Failed to watch *v1beta2.VerticalPodAutoscaler: failed to list *v1beta2.VerticalPodAutoscaler: the server could not find the requested resource (get verticalpodautoscalers.autoscaling.k8s.io)
E0626 21:07:33.724247       1 reflector.go:138] pkg/mod/k8s.io/client-go@v0.20.5/tools/cache/reflector.go:167: Failed to watch *v1.CertificateSigningRequest: failed to list *v1.CertificateSigningRequest: the server could not find the requested resource
E0626 21:07:55.539076       1 reflector.go:138] pkg/mod/k8s.io/client-go@v0.20.5/tools/cache/reflector.go:167: Failed to watch *v1.Ingress: failed to list *v1.Ingress: the server could not find the requested resource
E0626 21:07:56.844912       1 reflector.go:138] pkg/mod/k8s.io/client-go@v0.20.5/tools/cache/reflector.go:167: Failed to watch *v1beta2.VerticalPodAutoscaler: failed to list *v1beta2.VerticalPodAutoscaler: the server could not find the requested resource (get verticalpodautoscalers.autoscaling.k8s.io)
E0626 21:08:09.344514       1 reflector.go:138] pkg/mod/k8s.io/client-go@v0.20.5/tools/cache/reflector.go:167: Failed to watch *v1.CertificateSigningRequest: failed to list *v1.CertificateSigningRequest: the server could not find the requested resource
E0626 21:08:30.650106       1 reflector.go:138] pkg/mod/k8s.io/client-go@v0.20.5/tools/cache/reflector.go:167: Failed to watch *v1beta2.VerticalPodAutoscaler: failed to list *v1beta2.VerticalPodAutoscaler: the server could not find the requested resource (get verticalpodautoscalers.autoscaling.k8s.io)
E0626 21:08:44.384850       1 reflector.go:138] pkg/mod/k8s.io/client-go@v0.20.5/tools/cache/reflector.go:167: Failed to watch *v1.Ingress: failed to list *v1.Ingress: the server could not find the requested resource
E0626 21:08:51.656569       1 reflector.go:138] pkg/mod/k8s.io/client-go@v0.20.5/tools/cache/reflector.go:167: Failed to watch *v1.CertificateSigningRequest: failed to list *v1.CertificateSigningRequest: the server could not find the requested resource
E0626 21:09:19.405634       1 reflector.go:138] pkg/mod/k8s.io/client-go@v0.20.5/tools/cache/reflector.go:167: Failed to watch *v1beta2.VerticalPodAutoscaler: failed to list *v1beta2.VerticalPodAutoscaler: the server could not find the requested resource (get verticalpodautoscalers.autoscaling.k8s.io)
E0626 21:09:33.096040       1 reflector.go:138] pkg/mod/k8s.io/client-go@v0.20.5/tools/cache/reflector.go:167: Failed to watch *v1.Ingress: failed to list *v1.Ingress: the server could not find the requested resource
E0626 21:09:43.535141       1 reflector.go:138] pkg/mod/k8s.io/client-go@v0.20.5/tools/cache/reflector.go:167: Failed to watch *v1.CertificateSigningRequest: failed to list *v1.CertificateSigningRequest: the server could not find the requested resource
E0626 21:10:03.114035       1 reflector.go:138] pkg/mod/k8s.io/client-go@v0.20.5/tools/cache/reflector.go:167: Failed to watch *v1.Ingress: failed to list *v1.Ingress: the server could not find the requested resource
E0626 21:10:14.324929       1 reflector.go:138] pkg/mod/k8s.io/client-go@v0.20.5/tools/cache/reflector.go:167: Failed to watch *v1beta2.VerticalPodAutoscaler: failed to list *v1beta2.VerticalPodAutoscaler: the server could not find the requested resource (get verticalpodautoscalers.autoscaling.k8s.io)
E0626 21:10:35.618903       1 reflector.go:138] pkg/mod/k8s.io/client-go@v0.20.5/tools/cache/reflector.go:167: Failed to watch *v1.CertificateSigningRequest: failed to list *v1.CertificateSigningRequest: the server could not find the requested resource
E0626 21:10:45.116250       1 reflector.go:138] pkg/mod/k8s.io/client-go@v0.20.5/tools/cache/reflector.go:167: Failed to watch *v1.Ingress: failed to list *v1.Ingress: the server could not find the requested resource
E0626 21:10:59.263934       1 reflector.go:138] pkg/mod/k8s.io/client-go@v0.20.5/tools/cache/reflector.go:167: Failed to watch *v1beta2.VerticalPodAutoscaler: failed to list *v1beta2.VerticalPodAutoscaler: the server could not find the requested resource (get verticalpodautoscalers.autoscaling.k8s.io)
E0626 21:11:16.008455       1 reflector.go:138] pkg/mod/k8s.io/client-go@v0.20.5/tools/cache/reflector.go:167: Failed to watch *v1.Ingress: failed to list *v1.Ingress: the server could not find the requested resource
E0626 21:11:17.909450       1 reflector.go:138] pkg/mod/k8s.io/client-go@v0.20.5/tools/cache/reflector.go:167: Failed to watch *v1.CertificateSigningRequest: failed to list *v1.CertificateSigningRequest: the server could not find the requested resource
E0626 21:11:29.324569       1 reflector.go:138] pkg/mod/k8s.io/client-go@v0.20.5/tools/cache/reflector.go:167: Failed to watch *v1beta2.VerticalPodAutoscaler: failed to list *v1beta2.VerticalPodAutoscaler: the server could not find the requested resource (get verticalpodautoscalers.autoscaling.k8s.io)
E0626 21:11:46.096274       1 reflector.go:138] pkg/mod/k8s.io/client-go@v0.20.5/tools/cache/reflector.go:167: Failed to watch *v1.Ingress: failed to list *v1.Ingress: the server could not find the requested resource
E0626 21:12:15.387059       1 reflector.go:138] pkg/mod/k8s.io/client-go@v0.20.5/tools/cache/reflector.go:167: Failed to watch *v1.CertificateSigningRequest: failed to list *v1.CertificateSigningRequest: the server could not find the requested resource
E0626 21:12:17.021567       1 reflector.go:138] pkg/mod/k8s.io/client-go@v0.20.5/tools/cache/reflector.go:167: Failed to watch *v1beta2.VerticalPodAutoscaler: failed to list *v1beta2.VerticalPodAutoscaler: the server could not find the requested resource (get verticalpodautoscalers.autoscaling.k8s.io)
E0626 21:12:40.560529       1 reflector.go:138] pkg/mod/k8s.io/client-go@v0.20.5/tools/cache/reflector.go:167: Failed to watch *v1.Ingress: failed to list *v1.Ingress: the server could not find the requested resource
E0626 21:12:46.177145       1 reflector.go:138] pkg/mod/k8s.io/client-go@v0.20.5/tools/cache/reflector.go:167: Failed to watch *v1.CertificateSigningRequest: failed to list *v1.CertificateSigningRequest: the server could not find the requested resource
E0626 21:13:12.399297       1 reflector.go:138] pkg/mod/k8s.io/client-go@v0.20.5/tools/cache/reflector.go:167: Failed to watch *v1beta2.VerticalPodAutoscaler: failed to list *v1beta2.VerticalPodAutoscaler: the server could not find the requested resource (get verticalpodautoscalers.autoscaling.k8s.io)
E0626 21:13:18.053498       1 reflector.go:138] pkg/mod/k8s.io/client-go@v0.20.5/tools/cache/reflector.go:167: Failed to watch *v1.Ingress: failed to list *v1.Ingress: the server could not find the requested resource
E0626 21:13:23.604105       1 reflector.go:138] pkg/mod/k8s.io/client-go@v0.20.5/tools/cache/reflector.go:167: Failed to watch *v1.CertificateSigningRequest: failed to list *v1.CertificateSigningRequest: the server could not find the requested resource
E0626 21:14:00.179707       1 reflector.go:138] pkg/mod/k8s.io/client-go@v0.20.5/tools/cache/reflector.go:167: Failed to watch *v1beta2.VerticalPodAutoscaler: failed to list *v1beta2.VerticalPodAutoscaler: the server could not find the requested resource (get verticalpodautoscalers.autoscaling.k8s.io)
E0626 21:14:12.487749       1 reflector.go:138] pkg/mod/k8s.io/client-go@v0.20.5/tools/cache/reflector.go:167: Failed to watch *v1.Ingress: failed to list *v1.Ingress: the server could not find the requested resource
E0626 21:14:14.421858       1 reflector.go:138] pkg/mod/k8s.io/client-go@v0.20.5/tools/cache/reflector.go:167: Failed to watch *v1.CertificateSigningRequest: failed to list *v1.CertificateSigningRequest: the server could not find the requested resource
E0626 21:14:34.710690       1 reflector.go:138] pkg/mod/k8s.io/client-go@v0.20.5/tools/cache/reflector.go:167: Failed to watch *v1beta2.VerticalPodAutoscaler: failed to list *v1beta2.VerticalPodAutoscaler: the server could not find the requested resource (get verticalpodautoscalers.autoscaling.k8s.io)
E0626 21:14:49.444563       1 reflector.go:138] pkg/mod/k8s.io/client-go@v0.20.5/tools/cache/reflector.go:167: Failed to watch *v1.Ingress: failed to list *v1.Ingress: the server could not find the requested resource
E0626 21:15:03.259152       1 reflector.go:138] pkg/mod/k8s.io/client-go@v0.20.5/tools/cache/reflector.go:167: Failed to watch *v1.CertificateSigningRequest: failed to list *v1.CertificateSigningRequest: the server could not find the requested resource
E0626 21:15:05.467999       1 reflector.go:138] pkg/mod/k8s.io/client-go@v0.20.5/tools/cache/reflector.go:167: Failed to watch *v1beta2.VerticalPodAutoscaler: failed to list *v1beta2.VerticalPodAutoscaler: the server could not find the requested resource (get verticalpodautoscalers.autoscaling.k8s.io)
E0626 21:15:37.128706       1 reflector.go:138] pkg/mod/k8s.io/client-go@v0.20.5/tools/cache/reflector.go:167: Failed to watch *v1.Ingress: failed to list *v1.Ingress: the server could not find the requested resource
E0626 21:15:50.919487       1 reflector.go:138] pkg/mod/k8s.io/client-go@v0.20.5/tools/cache/reflector.go:167: Failed to watch *v1.CertificateSigningRequest: failed to list *v1.CertificateSigningRequest: the server could not find the requested resource
E0626 21:15:52.047945       1 reflector.go:138] pkg/mod/k8s.io/client-go@v0.20.5/tools/cache/reflector.go:167: Failed to watch *v1beta2.VerticalPodAutoscaler: failed to list *v1beta2.VerticalPodAutoscaler: the server could not find the requested resource (get verticalpodautoscalers.autoscaling.k8s.io)
